14:44:02 **** Build of configuration Debug for project NS30 ****
make -j4 all 
Building file: ../src/TextLCD/TextLCD.cpp
Building file: ../src/MODSERIAL/ChangeLog.c
Invoking: Cross ARM C++ Compiler
arm-none-eabi-g++ -mthumb -fmessage-length=0 -ffunction-sections -fdata-sections -fno-builtin -Wall  -g -DTARGET_MBED_LPC1768 -DTARGET_M3 -D__MBED_CMSIS_RTOS_CM -DDEVICE_CAN=1 -DDEVICE_I2CSLAVE=1 -DTARGET_CORTEX_M -DDEVICE_LOCALFILESYSTEM=1 -DDEVICE_SERIAL=1 -DDEVICE_SERIAL_FC=1 -DTOOLCHAIN_GCC -DDEVICE_DEBUG_AWARENESS=1 -DDEVICE_INTERRUPTIN=1 -DDEVICE_ANALOGIN=1 -DDEVICE_STDIO_MESSAGES=1 -DTARGET_LIKE_CORTEX_M3 -DMBED_BUILD_TIMESTAMP=1593397292.038813 -D__MBED__=1 -DARM_MATH_CM3 -D__CMSIS_RTOS -DTARGET_NAME=LPC1768 -DDEVICE_PORTINOUT=1 -DTARGET_LPCTarget -DTARGET_RELEASE -DDEVICE_PORTOUT=1 -DDEVICE_SLEEP=1 -DDEVICE_SEMIHOST=1 -DDEVICE_PWMOUT=1 -DTARGET_LIKE_MBED -DDEVICE_ANALOGOUT=1 -DDEVICE_PORTIN=1 -DDEVICE_RTC=1 -DTOOLCHAIN_GCC_ARM -DTARGET_CORTEX -DTARGET_LPC1768 -D__CORTEX_M3 -DTARGET_LPC176X -DTARGET_NXP -DDEVICE_ETHERNET=1 -DDEVICE_SPISLAVE=1 -DDEVICE_ERROR_PATTERN=1 -DDEVICE_I2C=1 -DDEVICE_SPI=1 -I"D:/_ishikawa/Tools/DigitalMove/ARM/MCUXpresso/NS30/" -I"D:/_ishikawa/Tools/DigitalMove/ARM/MCUXpresso/NS30//usr/src/mbed-sdk" -I"D:/_ishikawa/Tools/DigitalMove/ARM/MCUXpresso/NS30/mbed" -I"D:/_ishikawa/Tools/DigitalMove/ARM/MCUXpresso/NS30/mbed/TARGET_LPC1768" -I"D:/_ishikawa/Tools/DigitalMove/ARM/MCUXpresso/NS30/src" -I"D:/_ishikawa/Tools/DigitalMove/ARM/MCUXpresso/NS30/src/MODSERIAL" -I"D:/_ishikawa/Tools/DigitalMove/ARM/MCUXpresso/NS30/src/TextLCD" -include"D:/_ishikawa/Tools/DigitalMove/ARM/MCUXpresso/NS30/mbed_config.h" -std=gnu++98 -fabi-version=0 -fno-exceptions -mthumb -MMD -MP -MF"src/TextLCD/TextLCD.d" -MT"src/TextLCD/TextLCD.o" -c -o "src/TextLCD/TextLCD.o" "../src/TextLCD/TextLCD.cpp"
Building file: ../src/MODSERIAL/FLUSH.cpp
Invoking: Cross ARM C Compiler
arm-none-eabi-gcc -mthumb -fmessage-length=0 -ffunction-sections -fdata-sections -fno-builtin -Wall  -g -DTARGET_MBED_LPC1768 -DTARGET_M3 -D__MBED_CMSIS_RTOS_CM -DDEVICE_CAN=1 -DDEVICE_I2CSLAVE=1 -DTARGET_CORTEX_M -DDEVICE_LOCALFILESYSTEM=1 -DDEVICE_SERIAL=1 -DDEVICE_SERIAL_FC=1 -DTOOLCHAIN_GCC -DDEVICE_DEBUG_AWARENESS=1 -DDEVICE_INTERRUPTIN=1 -DDEVICE_ANALOGIN=1 -DDEVICE_STDIO_MESSAGES=1 -DTARGET_LIKE_CORTEX_M3 -DMBED_BUILD_TIMESTAMP=1593397292.038813 -D__MBED__=1 -DARM_MATH_CM3 -D__CMSIS_RTOS -DTARGET_NAME=LPC1768 -DDEVICE_PORTINOUT=1 -DTARGET_LPCTarget -DTARGET_RELEASE -DDEVICE_PORTOUT=1 -DDEVICE_SLEEP=1 -DDEVICE_SEMIHOST=1 -DDEVICE_PWMOUT=1 -DTARGET_LIKE_MBED -DDEVICE_ANALOGOUT=1 -DDEVICE_PORTIN=1 -DDEVICE_RTC=1 -DTOOLCHAIN_GCC_ARM -DTARGET_CORTEX -DTARGET_LPC1768 -D__CORTEX_M3 -DTARGET_LPC176X -DTARGET_NXP -DDEVICE_ETHERNET=1 -DDEVICE_SPISLAVE=1 -DDEVICE_ERROR_PATTERN=1 -DDEVICE_I2C=1 -DDEVICE_SPI=1 -I"D:/_ishikawa/Tools/DigitalMove/ARM/MCUXpresso/NS30/" -I"D:/_ishikawa/Tools/DigitalMove/ARM/MCUXpresso/NS30//usr/src/mbed-sdk" -I"D:/_ishikawa/Tools/DigitalMove/ARM/MCUXpresso/NS30/mbed" -I"D:/_ishikawa/Tools/DigitalMove/ARM/MCUXpresso/NS30/mbed/TARGET_LPC1768" -I"D:/_ishikawa/Tools/DigitalMove/ARM/MCUXpresso/NS30/src" -I"D:/_ishikawa/Tools/DigitalMove/ARM/MCUXpresso/NS30/src/MODSERIAL" -I"D:/_ishikawa/Tools/DigitalMove/ARM/MCUXpresso/NS30/src/TextLCD" -include"D:/_ishikawa/Tools/DigitalMove/ARM/MCUXpresso/NS30/mbed_config.h" -std=gnu11 -mthumb -c -g3 -MMD -MP -MF"src/MODSERIAL/ChangeLog.d" -MT"src/MODSERIAL/ChangeLog.o" -c -o "src/MODSERIAL/ChangeLog.o" "../src/MODSERIAL/ChangeLog.c"
Invoking: Cross ARM C++ Compiler
arm-none-eabi-g++ -mthumb -fmessage-length=0 -ffunction-sections -fdata-sections -fno-builtin -Wall  -g -DTARGET_MBED_LPC1768 -DTARGET_M3 -D__MBED_CMSIS_RTOS_CM -DDEVICE_CAN=1 -DDEVICE_I2CSLAVE=1 -DTARGET_CORTEX_M -DDEVICE_LOCALFILESYSTEM=1 -DDEVICE_SERIAL=1 -DDEVICE_SERIAL_FC=1 -DTOOLCHAIN_GCC -DDEVICE_DEBUG_AWARENESS=1 -DDEVICE_INTERRUPTIN=1 -DDEVICE_ANALOGIN=1 -DDEVICE_STDIO_MESSAGES=1 -DTARGET_LIKE_CORTEX_M3 -DMBED_BUILD_TIMESTAMP=1593397292.038813 -D__MBED__=1 -DARM_MATH_CM3 -D__CMSIS_RTOS -DTARGET_NAME=LPC1768 -DDEVICE_PORTINOUT=1 -DTARGET_LPCTarget -DTARGET_RELEASE -DDEVICE_PORTOUT=1 -DDEVICE_SLEEP=1 -DDEVICE_SEMIHOST=1 -DDEVICE_PWMOUT=1 -DTARGET_LIKE_MBED -DDEVICE_ANALOGOUT=1 -DDEVICE_PORTIN=1 -DDEVICE_RTC=1 -DTOOLCHAIN_GCC_ARM -DTARGET_CORTEX -DTARGET_LPC1768 -D__CORTEX_M3 -DTARGET_LPC176X -DTARGET_NXP -DDEVICE_ETHERNET=1 -DDEVICE_SPISLAVE=1 -DDEVICE_ERROR_PATTERN=1 -DDEVICE_I2C=1 -DDEVICE_SPI=1 -I"D:/_ishikawa/Tools/DigitalMove/ARM/MCUXpresso/NS30/" -I"D:/_ishikawa/Tools/DigitalMove/ARM/MCUXpresso/NS30//usr/src/mbed-sdk" -I"D:/_ishikawa/Tools/DigitalMove/ARM/MCUXpresso/NS30/mbed" -I"D:/_ishikawa/Tools/DigitalMove/ARM/MCUXpresso/NS30/mbed/TARGET_LPC1768" -I"D:/_ishikawa/Tools/DigitalMove/ARM/MCUXpresso/NS30/src" -I"D:/_ishikawa/Tools/DigitalMove/ARM/MCUXpresso/NS30/src/MODSERIAL" -I"D:/_ishikawa/Tools/DigitalMove/ARM/MCUXpresso/NS30/src/TextLCD" -include"D:/_ishikawa/Tools/DigitalMove/ARM/MCUXpresso/NS30/mbed_config.h" -std=gnu++98 -fabi-version=0 -fno-exceptions -mthumb -MMD -MP -MF"src/MODSERIAL/FLUSH.d" -MT"src/MODSERIAL/FLUSH.o" -c -o "src/MODSERIAL/FLUSH.o" "../src/MODSERIAL/FLUSH.cpp"
Building file: ../src/MODSERIAL/GETC.cpp
Invoking: Cross ARM C++ Compiler
arm-none-eabi-g++ -mthumb -fmessage-length=0 -ffunction-sections -fdata-sections -fno-builtin -Wall  -g -DTARGET_MBED_LPC1768 -DTARGET_M3 -D__MBED_CMSIS_RTOS_CM -DDEVICE_CAN=1 -DDEVICE_I2CSLAVE=1 -DTARGET_CORTEX_M -DDEVICE_LOCALFILESYSTEM=1 -DDEVICE_SERIAL=1 -DDEVICE_SERIAL_FC=1 -DTOOLCHAIN_GCC -DDEVICE_DEBUG_AWARENESS=1 -DDEVICE_INTERRUPTIN=1 -DDEVICE_ANALOGIN=1 -DDEVICE_STDIO_MESSAGES=1 -DTARGET_LIKE_CORTEX_M3 -DMBED_BUILD_TIMESTAMP=1593397292.038813 -D__MBED__=1 -DARM_MATH_CM3 -D__CMSIS_RTOS -DTARGET_NAME=LPC1768 -DDEVICE_PORTINOUT=1 -DTARGET_LPCTarget -DTARGET_RELEASE -DDEVICE_PORTOUT=1 -DDEVICE_SLEEP=1 -DDEVICE_SEMIHOST=1 -DDEVICE_PWMOUT=1 -DTARGET_LIKE_MBED -DDEVICE_ANALOGOUT=1 -DDEVICE_PORTIN=1 -DDEVICE_RTC=1 -DTOOLCHAIN_GCC_ARM -DTARGET_CORTEX -DTARGET_LPC1768 -D__CORTEX_M3 -DTARGET_LPC176X -DTARGET_NXP -DDEVICE_ETHERNET=1 -DDEVICE_SPISLAVE=1 -DDEVICE_ERROR_PATTERN=1 -DDEVICE_I2C=1 -DDEVICE_SPI=1 -I"D:/_ishikawa/Tools/DigitalMove/ARM/MCUXpresso/NS30/" -I"D:/_ishikawa/Tools/DigitalMove/ARM/MCUXpresso/NS30//usr/src/mbed-sdk" -I"D:/_ishikawa/Tools/DigitalMove/ARM/MCUXpresso/NS30/mbed" -I"D:/_ishikawa/Tools/DigitalMove/ARM/MCUXpresso/NS30/mbed/TARGET_LPC1768" -I"D:/_ishikawa/Tools/DigitalMove/ARM/MCUXpresso/NS30/src" -I"D:/_ishikawa/Tools/DigitalMove/ARM/MCUXpresso/NS30/src/MODSERIAL" -I"D:/_ishikawa/Tools/DigitalMove/ARM/MCUXpresso/NS30/src/TextLCD" -include"D:/_ishikawa/Tools/DigitalMove/ARM/MCUXpresso/NS30/mbed_config.h" -std=gnu++98 -fabi-version=0 -fno-exceptions -mthumb -MMD -MP -MF"src/MODSERIAL/GETC.d" -MT"src/MODSERIAL/GETC.o" -c -o "src/MODSERIAL/GETC.o" "../src/MODSERIAL/GETC.cpp"
../src/MODSERIAL/FLUSH.cpp: In member function 'void AjK::MODSERIAL::flushBuffer(AjK::MODSERIAL::IrqType)':
../src/MODSERIAL/FLUSH.cpp:32:11: warning: enumeration value 'RxOvIrq' not handled in switch [-Wswitch]
     switch(type) {
           ^
../src/MODSERIAL/FLUSH.cpp:32:11: warning: enumeration value 'TxOvIrq' not handled in switch [-Wswitch]
../src/MODSERIAL/FLUSH.cpp:32:11: warning: enumeration value 'TxEmpty' not handled in switch [-Wswitch]
../src/MODSERIAL/FLUSH.cpp:32:11: warning: enumeration value 'RxAutoDetect' not handled in switch [-Wswitch]
../src/MODSERIAL/FLUSH.cpp:32:11: warning: enumeration value 'NumOfIrqTypes' not handled in switch [-Wswitch]
../src/MODSERIAL/FLUSH.cpp:40:11: warning: enumeration value 'RxOvIrq' not handled in switch [-Wswitch]
     switch(type) {
           ^
../src/MODSERIAL/FLUSH.cpp:40:11: warning: enumeration value 'TxOvIrq' not handled in switch [-Wswitch]
../src/MODSERIAL/FLUSH.cpp:40:11: warning: enumeration value 'TxEmpty' not handled in switch [-Wswitch]
../src/MODSERIAL/FLUSH.cpp:40:11: warning: enumeration value 'RxAutoDetect' not handled in switch [-Wswitch]
../src/MODSERIAL/FLUSH.cpp:40:11: warning: enumeration value 'NumOfIrqTypes' not handled in switch [-Wswitch]
Finished building: ../src/MODSERIAL/ChangeLog.c
 
Finished building: ../src/TextLCD/TextLCD.cpp
Finished building: ../src/MODSERIAL/FLUSH.cpp
Building file: ../src/MODSERIAL/INIT.cpp
C:\Users\ISHIKA~1\AppData\Local\Temp\ccrxZAtD.s: Assembler messages:
C:\Users\ISHIKA~1\AppData\Local\Temp\ccrxZAtD.s:205: Error: selected processor does not support `cpsid i' in Thumb mode
C:\Users\ISHIKA~1\AppData\Local\Temp\ccrxZAtD.s:224: Error: selected processor does not support `cpsie i' in Thumb mode
 
 
make: *** [src/MODSERIAL/subdir.mk:72: src/MODSERIAL/GETC.o] Error 1
make: *** Waiting for unfinished jobs....
Invoking: Cross ARM C++ Compiler
Building file: ../src/MODSERIAL/ISR_RX.cpp
arm-none-eabi-g++ -mthumb -fmessage-length=0 -ffunction-sections -fdata-sections -fno-builtin -Wall  -g -DTARGET_MBED_LPC1768 -DTARGET_M3 -D__MBED_CMSIS_RTOS_CM -DDEVICE_CAN=1 -DDEVICE_I2CSLAVE=1 -DTARGET_CORTEX_M -DDEVICE_LOCALFILESYSTEM=1 -DDEVICE_SERIAL=1 -DDEVICE_SERIAL_FC=1 -DTOOLCHAIN_GCC -DDEVICE_DEBUG_AWARENESS=1 -DDEVICE_INTERRUPTIN=1 -DDEVICE_ANALOGIN=1 -DDEVICE_STDIO_MESSAGES=1 -DTARGET_LIKE_CORTEX_M3 -DMBED_BUILD_TIMESTAMP=1593397292.038813 -D__MBED__=1 -DARM_MATH_CM3 -D__CMSIS_RTOS -DTARGET_NAME=LPC1768 -DDEVICE_PORTINOUT=1 -DTARGET_LPCTarget -DTARGET_RELEASE -DDEVICE_PORTOUT=1 -DDEVICE_SLEEP=1 -DDEVICE_SEMIHOST=1 -DDEVICE_PWMOUT=1 -DTARGET_LIKE_MBED -DDEVICE_ANALOGOUT=1 -DDEVICE_PORTIN=1 -DDEVICE_RTC=1 -DTOOLCHAIN_GCC_ARM -DTARGET_CORTEX -DTARGET_LPC1768 -D__CORTEX_M3 -DTARGET_LPC176X -DTARGET_NXP -DDEVICE_ETHERNET=1 -DDEVICE_SPISLAVE=1 -DDEVICE_ERROR_PATTERN=1 -DDEVICE_I2C=1 -DDEVICE_SPI=1 -I"D:/_ishikawa/Tools/DigitalMove/ARM/MCUXpresso/NS30/" -I"D:/_ishikawa/Tools/DigitalMove/ARM/MCUXpresso/NS30//usr/src/mbed-sdk" -I"D:/_ishikawa/Tools/DigitalMove/ARM/MCUXpresso/NS30/mbed" -I"D:/_ishikawa/Tools/DigitalMove/ARM/MCUXpresso/NS30/mbed/TARGET_LPC1768" -I"D:/_ishikawa/Tools/DigitalMove/ARM/MCUXpresso/NS30/src" -I"D:/_ishikawa/Tools/DigitalMove/ARM/MCUXpresso/NS30/src/MODSERIAL" -I"D:/_ishikawa/Tools/DigitalMove/ARM/MCUXpresso/NS30/src/TextLCD" -include"D:/_ishikawa/Tools/DigitalMove/ARM/MCUXpresso/NS30/mbed_config.h" -std=gnu++98 -fabi-version=0 -fno-exceptions -mthumb -MMD -MP -MF"src/MODSERIAL/INIT.d" -MT"src/MODSERIAL/INIT.o" -c -o "src/MODSERIAL/INIT.o" "../src/MODSERIAL/INIT.cpp"
Invoking: Cross ARM C++ Compiler
arm-none-eabi-g++ -mthumb -fmessage-length=0 -ffunction-sections -fdata-sections -fno-builtin -Wall  -g -DTARGET_MBED_LPC1768 -DTARGET_M3 -D__MBED_CMSIS_RTOS_CM -DDEVICE_CAN=1 -DDEVICE_I2CSLAVE=1 -DTARGET_CORTEX_M -DDEVICE_LOCALFILESYSTEM=1 -DDEVICE_SERIAL=1 -DDEVICE_SERIAL_FC=1 -DTOOLCHAIN_GCC -DDEVICE_DEBUG_AWARENESS=1 -DDEVICE_INTERRUPTIN=1 -DDEVICE_ANALOGIN=1 -DDEVICE_STDIO_MESSAGES=1 -DTARGET_LIKE_CORTEX_M3 -DMBED_BUILD_TIMESTAMP=1593397292.038813 -D__MBED__=1 -DARM_MATH_CM3 -D__CMSIS_RTOS -DTARGET_NAME=LPC1768 -DDEVICE_PORTINOUT=1 -DTARGET_LPCTarget -DTARGET_RELEASE -DDEVICE_PORTOUT=1 -DDEVICE_SLEEP=1 -DDEVICE_SEMIHOST=1 -DDEVICE_PWMOUT=1 -DTARGET_LIKE_MBED -DDEVICE_ANALOGOUT=1 -DDEVICE_PORTIN=1 -DDEVICE_RTC=1 -DTOOLCHAIN_GCC_ARM -DTARGET_CORTEX -DTARGET_LPC1768 -D__CORTEX_M3 -DTARGET_LPC176X -DTARGET_NXP -DDEVICE_ETHERNET=1 -DDEVICE_SPISLAVE=1 -DDEVICE_ERROR_PATTERN=1 -DDEVICE_I2C=1 -DDEVICE_SPI=1 -I"D:/_ishikawa/Tools/DigitalMove/ARM/MCUXpresso/NS30/" -I"D:/_ishikawa/Tools/DigitalMove/ARM/MCUXpresso/NS30//usr/src/mbed-sdk" -I"D:/_ishikawa/Tools/DigitalMove/ARM/MCUXpresso/NS30/mbed" -I"D:/_ishikawa/Tools/DigitalMove/ARM/MCUXpresso/NS30/mbed/TARGET_LPC1768" -I"D:/_ishikawa/Tools/DigitalMove/ARM/MCUXpresso/NS30/src" -I"D:/_ishikawa/Tools/DigitalMove/ARM/MCUXpresso/NS30/src/MODSERIAL" -I"D:/_ishikawa/Tools/DigitalMove/ARM/MCUXpresso/NS30/src/TextLCD" -include"D:/_ishikawa/Tools/DigitalMove/ARM/MCUXpresso/NS30/mbed_config.h" -std=gnu++98 -fabi-version=0 -fno-exceptions -mthumb -MMD -MP -MF"src/MODSERIAL/ISR_RX.d" -MT"src/MODSERIAL/ISR_RX.o" -c -o "src/MODSERIAL/ISR_RX.o" "../src/MODSERIAL/ISR_RX.cpp"
Finished building: ../src/MODSERIAL/ISR_RX.cpp
Finished building: ../src/MODSERIAL/INIT.cpp
 
 
"make -j4 all" terminated with exit code 2. Build might be incomplete.

14:44:03 Build Failed. 4 errors, 10 warnings. (took 1s.14ms)

